# JRE version: OpenJDK Runtime Environment (8.0_242-b01) (build 1.8.0_242-release-1644-b01)
# Java VM: OpenJDK 64-Bit Server VM (25.242-b01 mixed mode windows-amd64 compressed oops)
Heap:
 PSYoungGen      total 427520K, used 261539K [0x00000000d5580000, 0x00000000f6500000, 0x0000000100000000)
  eden space 399872K, 58% used [0x00000000d5580000,0x00000000e39eee20,0x00000000edc00000)
  from space 27648K, 99% used [0x00000000edc00000,0x00000000ef6fa198,0x00000000ef700000)
  to   space 34304K, 0% used [0x00000000f4380000,0x00000000f4380000,0x00000000f6500000)
 ParOldGen       total 148480K, used 46930K [0x0000000080000000, 0x0000000089100000, 0x00000000d5580000)
  object space 148480K, 31% used [0x0000000080000000,0x0000000082dd4a90,0x0000000089100000)
 Metaspace       used 76962K, capacity 80536K, committed 80664K, reserved 1118208K
  class space    used 10141K, capacity 10949K, committed 11048K, reserved 1048576K
GC Heap History (10 events):
Event: 6.751 GC heap before
{Heap before GC invocations=10 (full 2):
 PSYoungGen      total 206336K, used 193024K [0x00000000d5580000, 0x00000000eb980000, 0x0000000100000000)
  eden space 193024K, 100% used [0x00000000d5580000,0x00000000e1200000,0x00000000e1200000)
  from space 13312K, 0% used [0x00000000e1200000,0x00000000e1200000,0x00000000e1f00000)
  to   space 14336K, 0% used [0x00000000eab80000,0x00000000eab80000,0x00000000eb980000)
 ParOldGen       total 97792K, used 18908K [0x0000000080000000, 0x0000000085f80000, 0x00000000d5580000)
  object space 97792K, 19% used [0x0000000080000000,0x0000000081277120,0x0000000085f80000)
 Metaspace       used 48995K, capacity 50328K, committed 50600K, reserved 1093632K
  class space    used 6575K, capacity 6956K, committed 7080K, reserved 1048576K
Event: 6.777 GC heap after
Heap after GC invocations=10 (full 2):
 PSYoungGen      total 320512K, used 14327K [0x00000000d5580000, 0x00000000eb980000, 0x0000000100000000)
  eden space 306176K, 0% used [0x00000000d5580000,0x00000000d5580000,0x00000000e8080000)
  from space 14336K, 99% used [0x00000000eab80000,0x00000000eb97dfa0,0x00000000eb980000)
  to   space 19456K, 0% used [0x00000000e9380000,0x00000000e9380000,0x00000000ea680000)
 ParOldGen       total 97792K, used 26713K [0x0000000080000000, 0x0000000085f80000, 0x00000000d5580000)
  object space 97792K, 27% used [0x0000000080000000,0x0000000081a16560,0x0000000085f80000)
 Metaspace       used 48995K, capacity 50328K, committed 50600K, reserved 1093632K
  class space    used 6575K, capacity 6956K, committed 7080K, reserved 1048576K
}
Event: 8.733 GC heap before
{Heap before GC invocations=11 (full 2):
 PSYoungGen      total 320512K, used 137858K [0x00000000d5580000, 0x00000000eb980000, 0x0000000100000000)
  eden space 306176K, 40% used [0x00000000d5580000,0x00000000dce22ad0,0x00000000e8080000)
  from space 14336K, 99% used [0x00000000eab80000,0x00000000eb97dfa0,0x00000000eb980000)
  to   space 19456K, 0% used [0x00000000e9380000,0x00000000e9380000,0x00000000ea680000)
 ParOldGen       total 97792K, used 26713K [0x0000000080000000, 0x0000000085f80000, 0x00000000d5580000)
  object space 97792K, 27% used [0x0000000080000000,0x0000000081a16560,0x0000000085f80000)
 Metaspace       used 57043K, capacity 58978K, committed 59160K, reserved 1099776K
  class space    used 7929K, capacity 8460K, committed 8488K, reserved 1048576K
Event: 8.764 GC heap after
Heap after GC invocations=11 (full 2):
 PSYoungGen      total 345088K, used 19455K [0x00000000d5580000, 0x00000000f1280000, 0x0000000100000000)
  eden space 325632K, 0% used [0x00000000d5580000,0x00000000d5580000,0x00000000e9380000)
  from space 19456K, 99% used [0x00000000e9380000,0x00000000ea67fd10,0x00000000ea680000)
  to   space 24576K, 0% used [0x00000000efa80000,0x00000000efa80000,0x00000000f1280000)
 ParOldGen       total 97792K, used 32596K [0x0000000080000000, 0x0000000085f80000, 0x00000000d5580000)
  object space 97792K, 33% used [0x0000000080000000,0x0000000081fd50a8,0x0000000085f80000)
 Metaspace       used 57043K, capacity 58978K, committed 59160K, reserved 1099776K
  class space    used 7929K, capacity 8460K, committed 8488K, reserved 1048576K
}
Event: 8.764 GC heap before
{Heap before GC invocations=12 (full 3):
 PSYoungGen      total 345088K, used 19455K [0x00000000d5580000, 0x00000000f1280000, 0x0000000100000000)
  eden space 325632K, 0% used [0x00000000d5580000,0x00000000d5580000,0x00000000e9380000)
  from space 19456K, 99% used [0x00000000e9380000,0x00000000ea67fd10,0x00000000ea680000)
  to   space 24576K, 0% used [0x00000000efa80000,0x00000000efa80000,0x00000000f1280000)
 ParOldGen       total 97792K, used 32596K [0x0000000080000000, 0x0000000085f80000, 0x00000000d5580000)
  object space 97792K, 33% used [0x0000000080000000,0x0000000081fd50a8,0x0000000085f80000)
 Metaspace       used 57043K, capacity 58978K, committed 59160K, reserved 1099776K
  class space    used 7929K, capacity 8460K, committed 8488K, reserved 1048576K
Event: 9.120 GC heap after
Heap after GC invocations=12 (full 3):
 PSYoungGen      total 345088K, used 0K [0x00000000d5580000, 0x00000000f1280000, 0x0000000100000000)
  eden space 325632K, 0% used [0x00000000d5580000,0x00000000d5580000,0x00000000e9380000)
  from space 19456K, 0% used [0x00000000e9380000,0x00000000e9380000,0x00000000ea680000)
  to   space 24576K, 0% used [0x00000000efa80000,0x00000000efa80000,0x00000000f1280000)
 ParOldGen       total 148480K, used 39423K [0x0000000080000000, 0x0000000089100000, 0x00000000d5580000)
  object space 148480K, 26% used [0x0000000080000000,0x000000008267ff98,0x0000000089100000)
 Metaspace       used 57043K, capacity 58978K, committed 59160K, reserved 1099776K
  class space    used 7929K, capacity 8460K, committed 8488K, reserved 1048576K
}
Event: 14.307 GC heap before
{Heap before GC invocations=13 (full 3):
 PSYoungGen      total 345088K, used 325632K [0x00000000d5580000, 0x00000000f1280000, 0x0000000100000000)
  eden space 325632K, 100% used [0x00000000d5580000,0x00000000e9380000,0x00000000e9380000)
  from space 19456K, 0% used [0x00000000e9380000,0x00000000e9380000,0x00000000ea680000)
  to   space 24576K, 0% used [0x00000000efa80000,0x00000000efa80000,0x00000000f1280000)
 ParOldGen       total 148480K, used 39423K [0x0000000080000000, 0x0000000089100000, 0x00000000d5580000)
  object space 148480K, 26% used [0x0000000080000000,0x000000008267ff98,0x0000000089100000)
 Metaspace       used 65653K, capacity 68702K, committed 69016K, reserved 1107968K
  class space    used 9081K, capacity 9826K, committed 9896K, reserved 1048576K
Event: 14.331 GC heap after
Heap after GC invocations=13 (full 3):
 PSYoungGen      total 421888K, used 24001K [0x00000000d5580000, 0x00000000f1200000, 0x0000000100000000)
  eden space 397824K, 0% used [0x00000000d5580000,0x00000000d5580000,0x00000000eda00000)
  from space 24064K, 99% used [0x00000000efa80000,0x00000000f11f04f8,0x00000000f1200000)
  to   space 27648K, 0% used [0x00000000edc00000,0x00000000edc00000,0x00000000ef700000)
 ParOldGen       total 148480K, used 39431K [0x0000000080000000, 0x0000000089100000, 0x00000000d5580000)
  object space 148480K, 26% used [0x0000000080000000,0x0000000082681f98,0x0000000089100000)
 Metaspace       used 65653K, capacity 68702K, committed 69016K, reserved 1107968K
  class space    used 9081K, capacity 9826K, committed 9896K, reserved 1048576K
}
Event: 111.472 GC heap before
{Heap before GC invocations=14 (full 3):
 PSYoungGen      total 421888K, used 421825K [0x00000000d5580000, 0x00000000f1200000, 0x0000000100000000)
  eden space 397824K, 100% used [0x00000000d5580000,0x00000000eda00000,0x00000000eda00000)
  from space 24064K, 99% used [0x00000000efa80000,0x00000000f11f04f8,0x00000000f1200000)
  to   space 27648K, 0% used [0x00000000edc00000,0x00000000edc00000,0x00000000ef700000)
 ParOldGen       total 148480K, used 39431K [0x0000000080000000, 0x0000000089100000, 0x00000000d5580000)
  object space 148480K, 26% used [0x0000000080000000,0x0000000082681f98,0x0000000089100000)
 Metaspace       used 70915K, capacity 74458K, committed 74520K, reserved 1114112K
  class space    used 9438K, capacity 10244K, committed 10280K, reserved 1048576K
Event: 111.525 GC heap after
Heap after GC invocations=14 (full 3):
 PSYoungGen      total 427520K, used 27624K [0x00000000d5580000, 0x00000000f6500000, 0x0000000100000000)
  eden space 399872K, 0% used [0x00000000d5580000,0x00000000d5580000,0x00000000edc00000)
  from space 27648K, 99% used [0x00000000edc00000,0x00000000ef6fa198,0x00000000ef700000)
  to   space 34304K, 0% used [0x00000000f4380000,0x00000000f4380000,0x00000000f6500000)
 ParOldGen       total 148480K, used 46930K [0x0000000080000000, 0x0000000089100000, 0x00000000d5580000)
  object space 148480K, 31% used [0x0000000080000000,0x0000000082dd4a90,0x0000000089100000)
 Metaspace       used 70915K, capacity 74458K, committed 74520K, reserved 1114112K
  class space    used 9438K, capacity 10244K, committed 10280K, reserved 1048576K
}

