# JRE version: OpenJDK Runtime Environment (8.0_242-b01) (build 1.8.0_242-release-1644-b01)
# Java VM: OpenJDK 64-Bit Server VM (25.242-b01 mixed mode windows-amd64 compressed oops)
Heap:
 PSYoungGen      total 136192K, used 73127K [0x00000000d5580000, 0x00000000e0980000, 0x0000000100000000)
  eden space 128000K, 51% used [0x00000000d5580000,0x00000000d95674d0,0x00000000dd280000)
  from space 8192K, 93% used [0x00000000e0180000,0x00000000e0902a60,0x00000000e0980000)
  to   space 12800K, 0% used [0x00000000df080000,0x00000000df080000,0x00000000dfd00000)
 ParOldGen       total 114688K, used 17637K [0x0000000080000000, 0x0000000087000000, 0x00000000d5580000)
  object space 114688K, 15% used [0x0000000080000000,0x00000000811394a8,0x0000000087000000)
 Metaspace       used 45743K, capacity 47206K, committed 47488K, reserved 1091584K
  class space    used 6070K, capacity 6428K, committed 6528K, reserved 1048576K
GC Heap History (10 events):
Event: 3.165 GC heap before
{Heap before GC invocations=6 (full 1):
 PSYoungGen      total 105984K, used 7664K [0x00000000d5580000, 0x00000000dc480000, 0x0000000100000000)
  eden space 98304K, 0% used [0x00000000d5580000,0x00000000d5580000,0x00000000db580000)
  from space 7680K, 99% used [0x00000000db580000,0x00000000dbcfc040,0x00000000dbd00000)
  to   space 7680K, 0% used [0x00000000dbd00000,0x00000000dbd00000,0x00000000dc480000)
 ParOldGen       total 130048K, used 5726K [0x0000000080000000, 0x0000000087f00000, 0x00000000d5580000)
  object space 130048K, 4% used [0x0000000080000000,0x0000000080597988,0x0000000087f00000)
 Metaspace       used 20722K, capacity 21200K, committed 21296K, reserved 1067008K
  class space    used 3009K, capacity 3173K, committed 3200K, reserved 1048576K
Event: 3.193 GC heap after
Heap after GC invocations=6 (full 1):
 PSYoungGen      total 105984K, used 0K [0x00000000d5580000, 0x00000000dc480000, 0x0000000100000000)
  eden space 98304K, 0% used [0x00000000d5580000,0x00000000d5580000,0x00000000db580000)
  from space 7680K, 0% used [0x00000000db580000,0x00000000db580000,0x00000000dbd00000)
  to   space 7680K, 0% used [0x00000000dbd00000,0x00000000dbd00000,0x00000000dc480000)
 ParOldGen       total 70656K, used 8070K [0x0000000080000000, 0x0000000084500000, 0x00000000d5580000)
  object space 70656K, 11% used [0x0000000080000000,0x00000000807e1b60,0x0000000084500000)
 Metaspace       used 20722K, capacity 21200K, committed 21296K, reserved 1067008K
  class space    used 3009K, capacity 3173K, committed 3200K, reserved 1048576K
}
Event: 4.022 GC heap before
{Heap before GC invocations=7 (full 1):
 PSYoungGen      total 105984K, used 98304K [0x00000000d5580000, 0x00000000dc480000, 0x0000000100000000)
  eden space 98304K, 100% used [0x00000000d5580000,0x00000000db580000,0x00000000db580000)
  from space 7680K, 0% used [0x00000000db580000,0x00000000db580000,0x00000000dbd00000)
  to   space 7680K, 0% used [0x00000000dbd00000,0x00000000dbd00000,0x00000000dc480000)
 ParOldGen       total 70656K, used 8070K [0x0000000080000000, 0x0000000084500000, 0x00000000d5580000)
  object space 70656K, 11% used [0x0000000080000000,0x00000000807e1b60,0x0000000084500000)
 Metaspace       used 30058K, capacity 30668K, committed 30848K, reserved 1075200K
  class space    used 4151K, capacity 4359K, committed 4480K, reserved 1048576K
Event: 4.035 GC heap after
Heap after GC invocations=7 (full 1):
 PSYoungGen      total 100864K, used 7648K [0x00000000d5580000, 0x00000000e1980000, 0x0000000100000000)
  eden space 93184K, 0% used [0x00000000d5580000,0x00000000d5580000,0x00000000db080000)
  from space 7680K, 99% used [0x00000000dbd00000,0x00000000dc4781d8,0x00000000dc480000)
  to   space 12800K, 0% used [0x00000000db080000,0x00000000db080000,0x00000000dbd00000)
 ParOldGen       total 70656K, used 10191K [0x0000000080000000, 0x0000000084500000, 0x00000000d5580000)
  object space 70656K, 14% used [0x0000000080000000,0x00000000809f3ed0,0x0000000084500000)
 Metaspace       used 30058K, capacity 30668K, committed 30848K, reserved 1075200K
  class space    used 4151K, capacity 4359K, committed 4480K, reserved 1048576K
}
Event: 4.978 GC heap before
{Heap before GC invocations=8 (full 1):
 PSYoungGen      total 100864K, used 65269K [0x00000000d5580000, 0x00000000e1980000, 0x0000000100000000)
  eden space 93184K, 61% used [0x00000000d5580000,0x00000000d8dc5620,0x00000000db080000)
  from space 7680K, 99% used [0x00000000dbd00000,0x00000000dc4781d8,0x00000000dc480000)
  to   space 12800K, 0% used [0x00000000db080000,0x00000000db080000,0x00000000dbd00000)
 ParOldGen       total 70656K, used 10191K [0x0000000080000000, 0x0000000084500000, 0x00000000d5580000)
  object space 70656K, 14% used [0x0000000080000000,0x00000000809f3ed0,0x0000000084500000)
 Metaspace       used 34574K, capacity 35346K, committed 35456K, reserved 1079296K
  class space    used 4649K, capacity 4884K, committed 4992K, reserved 1048576K
Event: 4.987 GC heap after
Heap after GC invocations=8 (full 1):
 PSYoungGen      total 105984K, used 10541K [0x00000000d5580000, 0x00000000e0e80000, 0x0000000100000000)
  eden space 93184K, 0% used [0x00000000d5580000,0x00000000d5580000,0x00000000db080000)
  from space 12800K, 82% used [0x00000000db080000,0x00000000dbacb550,0x00000000dbd00000)
  to   space 13312K, 0% used [0x00000000e0180000,0x00000000e0180000,0x00000000e0e80000)
 ParOldGen       total 70656K, used 10199K [0x0000000080000000, 0x0000000084500000, 0x00000000d5580000)
  object space 70656K, 14% used [0x0000000080000000,0x00000000809f5ed0,0x0000000084500000)
 Metaspace       used 34574K, capacity 35346K, committed 35456K, reserved 1079296K
  class space    used 4649K, capacity 4884K, committed 4992K, reserved 1048576K
}
Event: 4.988 GC heap before
{Heap before GC invocations=9 (full 2):
 PSYoungGen      total 105984K, used 10541K [0x00000000d5580000, 0x00000000e0e80000, 0x0000000100000000)
  eden space 93184K, 0% used [0x00000000d5580000,0x00000000d5580000,0x00000000db080000)
  from space 12800K, 82% used [0x00000000db080000,0x00000000dbacb550,0x00000000dbd00000)
  to   space 13312K, 0% used [0x00000000e0180000,0x00000000e0180000,0x00000000e0e80000)
 ParOldGen       total 70656K, used 10199K [0x0000000080000000, 0x0000000084500000, 0x00000000d5580000)
  object space 70656K, 14% used [0x0000000080000000,0x00000000809f5ed0,0x0000000084500000)
 Metaspace       used 34574K, capacity 35346K, committed 35456K, reserved 1079296K
  class space    used 4649K, capacity 4884K, committed 4992K, reserved 1048576K
Event: 5.105 GC heap after
Heap after GC invocations=9 (full 2):
 PSYoungGen      total 105984K, used 0K [0x00000000d5580000, 0x00000000e0e80000, 0x0000000100000000)
  eden space 93184K, 0% used [0x00000000d5580000,0x00000000d5580000,0x00000000db080000)
  from space 12800K, 0% used [0x00000000db080000,0x00000000db080000,0x00000000dbd00000)
  to   space 13312K, 0% used [0x00000000e0180000,0x00000000e0180000,0x00000000e0e80000)
 ParOldGen       total 114688K, used 17629K [0x0000000080000000, 0x0000000087000000, 0x00000000d5580000)
  object space 114688K, 15% used [0x0000000080000000,0x00000000811374a8,0x0000000087000000)
 Metaspace       used 34528K, capacity 35242K, committed 35456K, reserved 1079296K
  class space    used 4638K, capacity 4872K, committed 4992K, reserved 1048576K
}
Event: 6.014 GC heap before
{Heap before GC invocations=10 (full 2):
 PSYoungGen      total 105984K, used 93184K [0x00000000d5580000, 0x00000000e0e80000, 0x0000000100000000)
  eden space 93184K, 100% used [0x00000000d5580000,0x00000000db080000,0x00000000db080000)
  from space 12800K, 0% used [0x00000000db080000,0x00000000db080000,0x00000000dbd00000)
  to   space 13312K, 0% used [0x00000000e0180000,0x00000000e0180000,0x00000000e0e80000)
 ParOldGen       total 114688K, used 17629K [0x0000000080000000, 0x0000000087000000, 0x00000000d5580000)
  object space 114688K, 15% used [0x0000000080000000,0x00000000811374a8,0x0000000087000000)
 Metaspace       used 38966K, capacity 40084K, committed 40192K, reserved 1083392K
  class space    used 5246K, capacity 5557K, committed 5632K, reserved 1048576K
Event: 6.021 GC heap after
Heap after GC invocations=10 (full 2):
 PSYoungGen      total 136192K, used 7690K [0x00000000d5580000, 0x00000000e0980000, 0x0000000100000000)
  eden space 128000K, 0% used [0x00000000d5580000,0x00000000d5580000,0x00000000dd280000)
  from space 8192K, 93% used [0x00000000e0180000,0x00000000e0902a60,0x00000000e0980000)
  to   space 12800K, 0% used [0x00000000df080000,0x00000000df080000,0x00000000dfd00000)
 ParOldGen       total 114688K, used 17637K [0x0000000080000000, 0x0000000087000000, 0x00000000d5580000)
  object space 114688K, 15% used [0x0000000080000000,0x00000000811394a8,0x0000000087000000)
 Metaspace       used 38966K, capacity 40084K, committed 40192K, reserved 1083392K
  class space    used 5246K, capacity 5557K, committed 5632K, reserved 1048576K
}

