# JRE version: OpenJDK Runtime Environment (8.0_242-b01) (build 1.8.0_242-release-1644-b01)
# Java VM: OpenJDK 64-Bit Server VM (25.242-b01 mixed mode windows-amd64 compressed oops)
Heap:
 PSYoungGen      total 339968K, used 69557K [0x00000000d5580000, 0x00000000efe00000, 0x0000000100000000)
  eden space 320000K, 21% used [0x00000000d5580000,0x00000000d996d788,0x00000000e8e00000)
  from space 19968K, 0% used [0x00000000e8e00000,0x00000000e8e00000,0x00000000ea180000)
  to   space 24576K, 0% used [0x00000000ee600000,0x00000000ee600000,0x00000000efe00000)
 ParOldGen       total 152576K, used 39523K [0x0000000080000000, 0x0000000089500000, 0x00000000d5580000)
  object space 152576K, 25% used [0x0000000080000000,0x0000000082698d88,0x0000000089500000)
 Metaspace       used 59732K, capacity 62176K, committed 62488K, reserved 1103872K
  class space    used 8312K, capacity 8939K, committed 9000K, reserved 1048576K
GC Heap History (10 events):
Event: 4.176 GC heap before
{Heap before GC invocations=8 (full 1):
 PSYoungGen      total 193024K, used 115271K [0x00000000d5580000, 0x00000000e2c00000, 0x0000000100000000)
  eden space 182272K, 57% used [0x00000000d5580000,0x00000000dbbd2a08,0x00000000e0780000)
  from space 10752K, 97% used [0x00000000e2180000,0x00000000e2bbf420,0x00000000e2c00000)
  to   space 13312K, 0% used [0x00000000e1200000,0x00000000e1200000,0x00000000e1f00000)
 ParOldGen       total 67072K, used 7891K [0x0000000080000000, 0x0000000084180000, 0x00000000d5580000)
  object space 67072K, 11% used [0x0000000080000000,0x00000000807b4d50,0x0000000084180000)
 Metaspace       used 34593K, capacity 35456K, committed 35496K, reserved 1079296K
  class space    used 4756K, capacity 4999K, committed 5032K, reserved 1048576K
Event: 4.184 GC heap after
Heap after GC invocations=8 (full 1):
 PSYoungGen      total 206336K, used 12265K [0x00000000d5580000, 0x00000000eb500000, 0x0000000100000000)
  eden space 193024K, 0% used [0x00000000d5580000,0x00000000d5580000,0x00000000e1200000)
  from space 13312K, 92% used [0x00000000e1200000,0x00000000e1dfa718,0x00000000e1f00000)
  to   space 14336K, 0% used [0x00000000ea700000,0x00000000ea700000,0x00000000eb500000)
 ParOldGen       total 67072K, used 7899K [0x0000000080000000, 0x0000000084180000, 0x00000000d5580000)
  object space 67072K, 11% used [0x0000000080000000,0x00000000807b6d50,0x0000000084180000)
 Metaspace       used 34593K, capacity 35456K, committed 35496K, reserved 1079296K
  class space    used 4756K, capacity 4999K, committed 5032K, reserved 1048576K
}
Event: 4.184 GC heap before
{Heap before GC invocations=9 (full 2):
 PSYoungGen      total 206336K, used 12265K [0x00000000d5580000, 0x00000000eb500000, 0x0000000100000000)
  eden space 193024K, 0% used [0x00000000d5580000,0x00000000d5580000,0x00000000e1200000)
  from space 13312K, 92% used [0x00000000e1200000,0x00000000e1dfa718,0x00000000e1f00000)
  to   space 14336K, 0% used [0x00000000ea700000,0x00000000ea700000,0x00000000eb500000)
 ParOldGen       total 67072K, used 7899K [0x0000000080000000, 0x0000000084180000, 0x00000000d5580000)
  object space 67072K, 11% used [0x0000000080000000,0x00000000807b6d50,0x0000000084180000)
 Metaspace       used 34593K, capacity 35456K, committed 35496K, reserved 1079296K
  class space    used 4756K, capacity 4999K, committed 5032K, reserved 1048576K
Event: 4.282 GC heap after
Heap after GC invocations=9 (full 2):
 PSYoungGen      total 206336K, used 0K [0x00000000d5580000, 0x00000000eb500000, 0x0000000100000000)
  eden space 193024K, 0% used [0x00000000d5580000,0x00000000d5580000,0x00000000e1200000)
  from space 13312K, 0% used [0x00000000e1200000,0x00000000e1200000,0x00000000e1f00000)
  to   space 14336K, 0% used [0x00000000ea700000,0x00000000ea700000,0x00000000eb500000)
 ParOldGen       total 100864K, used 18914K [0x0000000080000000, 0x0000000086280000, 0x00000000d5580000)
  object space 100864K, 18% used [0x0000000080000000,0x0000000081278bb8,0x0000000086280000)
 Metaspace       used 34569K, capacity 35378K, committed 35496K, reserved 1079296K
  class space    used 4749K, capacity 4986K, committed 5032K, reserved 1048576K
}
Event: 6.133 GC heap before
{Heap before GC invocations=10 (full 2):
 PSYoungGen      total 206336K, used 193024K [0x00000000d5580000, 0x00000000eb500000, 0x0000000100000000)
  eden space 193024K, 100% used [0x00000000d5580000,0x00000000e1200000,0x00000000e1200000)
  from space 13312K, 0% used [0x00000000e1200000,0x00000000e1200000,0x00000000e1f00000)
  to   space 14336K, 0% used [0x00000000ea700000,0x00000000ea700000,0x00000000eb500000)
 ParOldGen       total 100864K, used 18914K [0x0000000080000000, 0x0000000086280000, 0x00000000d5580000)
  object space 100864K, 18% used [0x0000000080000000,0x0000000081278bb8,0x0000000086280000)
 Metaspace       used 48984K, capacity 50356K, committed 50600K, reserved 1093632K
  class space    used 6581K, capacity 6988K, committed 7080K, reserved 1048576K
Event: 6.157 GC heap after
Heap after GC invocations=10 (full 2):
 PSYoungGen      total 310784K, used 14320K [0x00000000d5580000, 0x00000000eb500000, 0x0000000100000000)
  eden space 296448K, 0% used [0x00000000d5580000,0x00000000d5580000,0x00000000e7700000)
  from space 14336K, 99% used [0x00000000ea700000,0x00000000eb4fc070,0x00000000eb500000)
  to   space 19968K, 0% used [0x00000000e8e00000,0x00000000e8e00000,0x00000000ea180000)
 ParOldGen       total 100864K, used 26875K [0x0000000080000000, 0x0000000086280000, 0x00000000d5580000)
  object space 100864K, 26% used [0x0000000080000000,0x0000000081a3ee78,0x0000000086280000)
 Metaspace       used 48984K, capacity 50356K, committed 50600K, reserved 1093632K
  class space    used 6581K, capacity 6988K, committed 7080K, reserved 1048576K
}
Event: 7.569 GC heap before
{Heap before GC invocations=11 (full 2):
 PSYoungGen      total 310784K, used 140972K [0x00000000d5580000, 0x00000000eb500000, 0x0000000100000000)
  eden space 296448K, 42% used [0x00000000d5580000,0x00000000dd12f138,0x00000000e7700000)
  from space 14336K, 99% used [0x00000000ea700000,0x00000000eb4fc070,0x00000000eb500000)
  to   space 19968K, 0% used [0x00000000e8e00000,0x00000000e8e00000,0x00000000ea180000)
 ParOldGen       total 100864K, used 26875K [0x0000000080000000, 0x0000000086280000, 0x00000000d5580000)
  object space 100864K, 26% used [0x0000000080000000,0x0000000081a3ee78,0x0000000086280000)
 Metaspace       used 57071K, capacity 59042K, committed 59160K, reserved 1099776K
  class space    used 7935K, capacity 8460K, committed 8488K, reserved 1048576K
Event: 7.594 GC heap after
Heap after GC invocations=11 (full 2):
 PSYoungGen      total 339968K, used 19955K [0x00000000d5580000, 0x00000000efe00000, 0x0000000100000000)
  eden space 320000K, 0% used [0x00000000d5580000,0x00000000d5580000,0x00000000e8e00000)
  from space 19968K, 99% used [0x00000000e8e00000,0x00000000ea17cfd8,0x00000000ea180000)
  to   space 24576K, 0% used [0x00000000ee600000,0x00000000ee600000,0x00000000efe00000)
 ParOldGen       total 100864K, used 32284K [0x0000000080000000, 0x0000000086280000, 0x00000000d5580000)
  object space 100864K, 32% used [0x0000000080000000,0x0000000081f87338,0x0000000086280000)
 Metaspace       used 57071K, capacity 59042K, committed 59160K, reserved 1099776K
  class space    used 7935K, capacity 8460K, committed 8488K, reserved 1048576K
}
Event: 7.594 GC heap before
{Heap before GC invocations=12 (full 3):
 PSYoungGen      total 339968K, used 19955K [0x00000000d5580000, 0x00000000efe00000, 0x0000000100000000)
  eden space 320000K, 0% used [0x00000000d5580000,0x00000000d5580000,0x00000000e8e00000)
  from space 19968K, 99% used [0x00000000e8e00000,0x00000000ea17cfd8,0x00000000ea180000)
  to   space 24576K, 0% used [0x00000000ee600000,0x00000000ee600000,0x00000000efe00000)
 ParOldGen       total 100864K, used 32284K [0x0000000080000000, 0x0000000086280000, 0x00000000d5580000)
  object space 100864K, 32% used [0x0000000080000000,0x0000000081f87338,0x0000000086280000)
 Metaspace       used 57071K, capacity 59042K, committed 59160K, reserved 1099776K
  class space    used 7935K, capacity 8460K, committed 8488K, reserved 1048576K
Event: 7.815 GC heap after
Heap after GC invocations=12 (full 3):
 PSYoungGen      total 339968K, used 0K [0x00000000d5580000, 0x00000000efe00000, 0x0000000100000000)
  eden space 320000K, 0% used [0x00000000d5580000,0x00000000d5580000,0x00000000e8e00000)
  from space 19968K, 0% used [0x00000000e8e00000,0x00000000e8e00000,0x00000000ea180000)
  to   space 24576K, 0% used [0x00000000ee600000,0x00000000ee600000,0x00000000efe00000)
 ParOldGen       total 152576K, used 39523K [0x0000000080000000, 0x0000000089500000, 0x00000000d5580000)
  object space 152576K, 25% used [0x0000000080000000,0x0000000082698d88,0x0000000089500000)
 Metaspace       used 57071K, capacity 59042K, committed 59160K, reserved 1099776K
  class space    used 7935K, capacity 8460K, committed 8488K, reserved 1048576K
}

