# JRE version: OpenJDK Runtime Environment (8.0_242-b01) (build 1.8.0_242-release-1644-b01)
# Java VM: OpenJDK 64-Bit Server VM (25.242-b01 mixed mode windows-amd64 compressed oops)
Heap:
 PSYoungGen      total 199168K, used 149561K [0x00000000d5580000, 0x00000000e2c80000, 0x0000000100000000)
  eden space 185856K, 80% used [0x00000000d5580000,0x00000000de78e7a8,0x00000000e0b00000)
  from space 13312K, 0% used [0x00000000e1280000,0x00000000e1280000,0x00000000e1f80000)
  to   space 10752K, 0% used [0x00000000e2200000,0x00000000e2200000,0x00000000e2c80000)
 ParOldGen       total 89600K, used 18910K [0x0000000080000000, 0x0000000085780000, 0x00000000d5580000)
  object space 89600K, 21% used [0x0000000080000000,0x0000000081277968,0x0000000085780000)
 Metaspace       used 47762K, capacity 49016K, committed 49280K, reserved 1091584K
  class space    used 6362K, capacity 6676K, committed 6784K, reserved 1048576K
GC Heap History (10 events):
Event: 3.943 GC heap before
{Heap before GC invocations=5 (full 0):
 PSYoungGen      total 105984K, used 8974K [0x00000000d5580000, 0x00000000dc480000, 0x0000000100000000)
  eden space 98304K, 1% used [0x00000000d5580000,0x00000000d56c6e48,0x00000000db580000)
  from space 7680K, 99% used [0x00000000dbd00000,0x00000000dc47cd90,0x00000000dc480000)
  to   space 7680K, 0% used [0x00000000db580000,0x00000000db580000,0x00000000dbd00000)
 ParOldGen       total 130048K, used 5271K [0x0000000080000000, 0x0000000087f00000, 0x00000000d5580000)
  object space 130048K, 4% used [0x0000000080000000,0x0000000080525dd0,0x0000000087f00000)
 Metaspace       used 20630K, capacity 21108K, committed 21296K, reserved 1067008K
  class space    used 2970K, capacity 3130K, committed 3200K, reserved 1048576K
Event: 3.956 GC heap after
Heap after GC invocations=5 (full 0):
 PSYoungGen      total 105984K, used 7188K [0x00000000d5580000, 0x00000000e2e80000, 0x0000000100000000)
  eden space 98304K, 0% used [0x00000000d5580000,0x00000000d5580000,0x00000000db580000)
  from space 7680K, 93% used [0x00000000db580000,0x00000000dbc85060,0x00000000dbd00000)
  to   space 12800K, 0% used [0x00000000e2200000,0x00000000e2200000,0x00000000e2e80000)
 ParOldGen       total 130048K, used 5279K [0x0000000080000000, 0x0000000087f00000, 0x00000000d5580000)
  object space 130048K, 4% used [0x0000000080000000,0x0000000080527dd0,0x0000000087f00000)
 Metaspace       used 20630K, capacity 21108K, committed 21296K, reserved 1067008K
  class space    used 2970K, capacity 3130K, committed 3200K, reserved 1048576K
}
Event: 3.956 GC heap before
{Heap before GC invocations=6 (full 1):
 PSYoungGen      total 105984K, used 7188K [0x00000000d5580000, 0x00000000e2e80000, 0x0000000100000000)
  eden space 98304K, 0% used [0x00000000d5580000,0x00000000d5580000,0x00000000db580000)
  from space 7680K, 93% used [0x00000000db580000,0x00000000dbc85060,0x00000000dbd00000)
  to   space 12800K, 0% used [0x00000000e2200000,0x00000000e2200000,0x00000000e2e80000)
 ParOldGen       total 130048K, used 5279K [0x0000000080000000, 0x0000000087f00000, 0x00000000d5580000)
  object space 130048K, 4% used [0x0000000080000000,0x0000000080527dd0,0x0000000087f00000)
 Metaspace       used 20630K, capacity 21108K, committed 21296K, reserved 1067008K
  class space    used 2970K, capacity 3130K, committed 3200K, reserved 1048576K
Event: 4.008 GC heap after
Heap after GC invocations=6 (full 1):
 PSYoungGen      total 105984K, used 0K [0x00000000d5580000, 0x00000000e2e80000, 0x0000000100000000)
  eden space 98304K, 0% used [0x00000000d5580000,0x00000000d5580000,0x00000000db580000)
  from space 7680K, 0% used [0x00000000db580000,0x00000000db580000,0x00000000dbd00000)
  to   space 12800K, 0% used [0x00000000e2200000,0x00000000e2200000,0x00000000e2e80000)
 ParOldGen       total 65024K, used 7531K [0x0000000080000000, 0x0000000083f80000, 0x00000000d5580000)
  object space 65024K, 11% used [0x0000000080000000,0x000000008075adb0,0x0000000083f80000)
 Metaspace       used 20630K, capacity 21108K, committed 21296K, reserved 1067008K
  class space    used 2970K, capacity 3130K, committed 3200K, reserved 1048576K
}
Event: 5.400 GC heap before
{Heap before GC invocations=7 (full 1):
 PSYoungGen      total 105984K, used 98304K [0x00000000d5580000, 0x00000000e2e80000, 0x0000000100000000)
  eden space 98304K, 100% used [0x00000000d5580000,0x00000000db580000,0x00000000db580000)
  from space 7680K, 0% used [0x00000000db580000,0x00000000db580000,0x00000000dbd00000)
  to   space 12800K, 0% used [0x00000000e2200000,0x00000000e2200000,0x00000000e2e80000)
 ParOldGen       total 65024K, used 7531K [0x0000000080000000, 0x0000000083f80000, 0x00000000d5580000)
  object space 65024K, 11% used [0x0000000080000000,0x000000008075adb0,0x0000000083f80000)
 Metaspace       used 30244K, capacity 30894K, committed 31232K, reserved 1077248K
  class space    used 4099K, capacity 4336K, committed 4352K, reserved 1048576K
Event: 5.418 GC heap after
Heap after GC invocations=7 (full 1):
 PSYoungGen      total 196608K, used 10711K [0x00000000d5580000, 0x00000000e2c80000, 0x0000000100000000)
  eden space 185856K, 0% used [0x00000000d5580000,0x00000000d5580000,0x00000000e0b00000)
  from space 10752K, 99% used [0x00000000e2200000,0x00000000e2c75d08,0x00000000e2c80000)
  to   space 13312K, 0% used [0x00000000e1280000,0x00000000e1280000,0x00000000e1f80000)
 ParOldGen       total 65024K, used 7539K [0x0000000080000000, 0x0000000083f80000, 0x00000000d5580000)
  object space 65024K, 11% used [0x0000000080000000,0x000000008075cdb0,0x0000000083f80000)
 Metaspace       used 30244K, capacity 30894K, committed 31232K, reserved 1077248K
  class space    used 4099K, capacity 4336K, committed 4352K, reserved 1048576K
}
Event: 6.986 GC heap before
{Heap before GC invocations=8 (full 1):
 PSYoungGen      total 196608K, used 118672K [0x00000000d5580000, 0x00000000e2c80000, 0x0000000100000000)
  eden space 185856K, 58% used [0x00000000d5580000,0x00000000dbeee5b8,0x00000000e0b00000)
  from space 10752K, 99% used [0x00000000e2200000,0x00000000e2c75d08,0x00000000e2c80000)
  to   space 13312K, 0% used [0x00000000e1280000,0x00000000e1280000,0x00000000e1f80000)
 ParOldGen       total 65024K, used 7539K [0x0000000080000000, 0x0000000083f80000, 0x00000000d5580000)
  object space 65024K, 11% used [0x0000000080000000,0x000000008075cdb0,0x0000000083f80000)
 Metaspace       used 34603K, capacity 35398K, committed 35456K, reserved 1079296K
  class space    used 4743K, capacity 4990K, committed 4992K, reserved 1048576K
Event: 7.002 GC heap after
Heap after GC invocations=8 (full 1):
 PSYoungGen      total 199168K, used 12428K [0x00000000d5580000, 0x00000000e2c80000, 0x0000000100000000)
  eden space 185856K, 0% used [0x00000000d5580000,0x00000000d5580000,0x00000000e0b00000)
  from space 13312K, 93% used [0x00000000e1280000,0x00000000e1ea3320,0x00000000e1f80000)
  to   space 10752K, 0% used [0x00000000e2200000,0x00000000e2200000,0x00000000e2c80000)
 ParOldGen       total 65024K, used 7547K [0x0000000080000000, 0x0000000083f80000, 0x00000000d5580000)
  object space 65024K, 11% used [0x0000000080000000,0x000000008075edb0,0x0000000083f80000)
 Metaspace       used 34603K, capacity 35398K, committed 35456K, reserved 1079296K
  class space    used 4743K, capacity 4990K, committed 4992K, reserved 1048576K
}
Event: 7.002 GC heap before
{Heap before GC invocations=9 (full 2):
 PSYoungGen      total 199168K, used 12428K [0x00000000d5580000, 0x00000000e2c80000, 0x0000000100000000)
  eden space 185856K, 0% used [0x00000000d5580000,0x00000000d5580000,0x00000000e0b00000)
  from space 13312K, 93% used [0x00000000e1280000,0x00000000e1ea3320,0x00000000e1f80000)
  to   space 10752K, 0% used [0x00000000e2200000,0x00000000e2200000,0x00000000e2c80000)
 ParOldGen       total 65024K, used 7547K [0x0000000080000000, 0x0000000083f80000, 0x00000000d5580000)
  object space 65024K, 11% used [0x0000000080000000,0x000000008075edb0,0x0000000083f80000)
 Metaspace       used 34603K, capacity 35398K, committed 35456K, reserved 1079296K
  class space    used 4743K, capacity 4990K, committed 4992K, reserved 1048576K
Event: 7.119 GC heap after
Heap after GC invocations=9 (full 2):
 PSYoungGen      total 199168K, used 0K [0x00000000d5580000, 0x00000000e2c80000, 0x0000000100000000)
  eden space 185856K, 0% used [0x00000000d5580000,0x00000000d5580000,0x00000000e0b00000)
  from space 13312K, 0% used [0x00000000e1280000,0x00000000e1280000,0x00000000e1f80000)
  to   space 10752K, 0% used [0x00000000e2200000,0x00000000e2200000,0x00000000e2c80000)
 ParOldGen       total 89600K, used 18910K [0x0000000080000000, 0x0000000085780000, 0x00000000d5580000)
  object space 89600K, 21% used [0x0000000080000000,0x0000000081277968,0x0000000085780000)
 Metaspace       used 34596K, capacity 35374K, committed 35456K, reserved 1079296K
  class space    used 4741K, capacity 4986K, committed 4992K, reserved 1048576K
}

