# JRE version: OpenJDK Runtime Environment (8.0_242-b01) (build 1.8.0_242-release-1644-b01)
# Java VM: OpenJDK 64-Bit Server VM (25.242-b01 mixed mode windows-amd64 compressed oops)
Heap:
 PSYoungGen      total 552960K, used 83558K [0x00000000d5580000, 0x0000000100000000, 0x0000000100000000)
  eden space 428032K, 9% used [0x00000000d5580000,0x00000000d7cc4c88,0x00000000ef780000)
  from space 124928K, 34% used [0x00000000ef780000,0x00000000f21d4bc0,0x00000000f7180000)
  to   space 118784K, 0% used [0x00000000f8c00000,0x00000000f8c00000,0x0000000100000000)
 ParOldGen       total 493568K, used 215200K [0x0000000080000000, 0x000000009e200000, 0x00000000d5580000)
  object space 493568K, 43% used [0x0000000080000000,0x000000008d228368,0x000000009e200000)
 Metaspace       used 92962K, capacity 97628K, committed 98560K, reserved 1134592K
  class space    used 12156K, capacity 13169K, committed 13568K, reserved 1048576K
GC Heap History (10 events):
Event: 449.483 GC heap before
{Heap before GC invocations=19 (full 4):
 PSYoungGen      total 515584K, used 437821K [0x00000000d5580000, 0x00000000fee80000, 0x0000000100000000)
  eden space 374784K, 100% used [0x00000000d5580000,0x00000000ec380000,0x00000000ec380000)
  from space 140800K, 44% used [0x00000000f6500000,0x00000000fa28f4e0,0x00000000fee80000)
  to   space 153088K, 0% used [0x00000000ec380000,0x00000000ec380000,0x00000000f5900000)
 ParOldGen       total 493568K, used 215168K [0x0000000080000000, 0x000000009e200000, 0x00000000d5580000)
  object space 493568K, 43% used [0x0000000080000000,0x000000008d220368,0x000000009e200000)
 Metaspace       used 92347K, capacity 97020K, committed 98048K, reserved 1134592K
  class space    used 12148K, capacity 13161K, committed 13568K, reserved 1048576K
Event: 449.518 GC heap after
Heap after GC invocations=19 (full 4):
 PSYoungGen      total 527872K, used 61856K [0x00000000d5580000, 0x0000000100000000, 0x0000000100000000)
  eden space 374784K, 0% used [0x00000000d5580000,0x00000000d5580000,0x00000000ec380000)
  from space 153088K, 40% used [0x00000000ec380000,0x00000000effe83a0,0x00000000f5900000)
  to   space 147456K, 0% used [0x00000000f7000000,0x00000000f7000000,0x0000000100000000)
 ParOldGen       total 493568K, used 215168K [0x0000000080000000, 0x000000009e200000, 0x00000000d5580000)
  object space 493568K, 43% used [0x0000000080000000,0x000000008d220368,0x000000009e200000)
 Metaspace       used 92347K, capacity 97020K, committed 98048K, reserved 1134592K
  class space    used 12148K, capacity 13161K, committed 13568K, reserved 1048576K
}
Event: 450.364 GC heap before
{Heap before GC invocations=20 (full 4):
 PSYoungGen      total 527872K, used 436640K [0x00000000d5580000, 0x0000000100000000, 0x0000000100000000)
  eden space 374784K, 100% used [0x00000000d5580000,0x00000000ec380000,0x00000000ec380000)
  from space 153088K, 40% used [0x00000000ec380000,0x00000000effe83a0,0x00000000f5900000)
  to   space 147456K, 0% used [0x00000000f7000000,0x00000000f7000000,0x0000000100000000)
 ParOldGen       total 493568K, used 215168K [0x0000000080000000, 0x000000009e200000, 0x00000000d5580000)
  object space 493568K, 43% used [0x0000000080000000,0x000000008d220368,0x000000009e200000)
 Metaspace       used 92752K, capacity 97476K, committed 98560K, reserved 1134592K
  class space    used 12155K, capacity 13169K, committed 13568K, reserved 1048576K
Event: 450.405 GC heap after
Heap after GC invocations=20 (full 4):
 PSYoungGen      total 523776K, used 55451K [0x00000000d5580000, 0x00000000fea80000, 0x0000000100000000)
  eden space 398336K, 0% used [0x00000000d5580000,0x00000000d5580000,0x00000000eda80000)
  from space 125440K, 44% used [0x00000000f7000000,0x00000000fa626c68,0x00000000fea80000)
  to   space 139264K, 0% used [0x00000000eda80000,0x00000000eda80000,0x00000000f6280000)
 ParOldGen       total 493568K, used 215176K [0x0000000080000000, 0x000000009e200000, 0x00000000d5580000)
  object space 493568K, 43% used [0x0000000080000000,0x000000008d222368,0x000000009e200000)
 Metaspace       used 92752K, capacity 97476K, committed 98560K, reserved 1134592K
  class space    used 12155K, capacity 13169K, committed 13568K, reserved 1048576K
}
Event: 451.291 GC heap before
{Heap before GC invocations=21 (full 4):
 PSYoungGen      total 523776K, used 453787K [0x00000000d5580000, 0x00000000fea80000, 0x0000000100000000)
  eden space 398336K, 100% used [0x00000000d5580000,0x00000000eda80000,0x00000000eda80000)
  from space 125440K, 44% used [0x00000000f7000000,0x00000000fa626c68,0x00000000fea80000)
  to   space 139264K, 0% used [0x00000000eda80000,0x00000000eda80000,0x00000000f6280000)
 ParOldGen       total 493568K, used 215176K [0x0000000080000000, 0x000000009e200000, 0x00000000d5580000)
  object space 493568K, 43% used [0x0000000080000000,0x000000008d222368,0x000000009e200000)
 Metaspace       used 92854K, capacity 97560K, committed 98560K, reserved 1134592K
  class space    used 12155K, capacity 13169K, committed 13568K, reserved 1048576K
Event: 451.316 GC heap after
Heap after GC invocations=21 (full 4):
 PSYoungGen      total 537600K, used 46909K [0x00000000d5580000, 0x00000000ffe80000, 0x0000000100000000)
  eden space 398336K, 0% used [0x00000000d5580000,0x00000000d5580000,0x00000000eda80000)
  from space 139264K, 33% used [0x00000000eda80000,0x00000000f084f6e0,0x00000000f6280000)
  to   space 131584K, 0% used [0x00000000f7e00000,0x00000000f7e00000,0x00000000ffe80000)
 ParOldGen       total 493568K, used 215184K [0x0000000080000000, 0x000000009e200000, 0x00000000d5580000)
  object space 493568K, 43% used [0x0000000080000000,0x000000008d224368,0x000000009e200000)
 Metaspace       used 92854K, capacity 97560K, committed 98560K, reserved 1134592K
  class space    used 12155K, capacity 13169K, committed 13568K, reserved 1048576K
}
Event: 452.819 GC heap before
{Heap before GC invocations=22 (full 4):
 PSYoungGen      total 537600K, used 445245K [0x00000000d5580000, 0x00000000ffe80000, 0x0000000100000000)
  eden space 398336K, 100% used [0x00000000d5580000,0x00000000eda80000,0x00000000eda80000)
  from space 139264K, 33% used [0x00000000eda80000,0x00000000f084f6e0,0x00000000f6280000)
  to   space 131584K, 0% used [0x00000000f7e00000,0x00000000f7e00000,0x00000000ffe80000)
 ParOldGen       total 493568K, used 215184K [0x0000000080000000, 0x000000009e200000, 0x00000000d5580000)
  object space 493568K, 43% used [0x0000000080000000,0x000000008d224368,0x000000009e200000)
 Metaspace       used 92948K, capacity 97624K, committed 98560K, reserved 1134592K
  class space    used 12155K, capacity 13169K, committed 13568K, reserved 1048576K
Event: 452.848 GC heap after
Heap after GC invocations=22 (full 4):
 PSYoungGen      total 540160K, used 42233K [0x00000000d5580000, 0x00000000feb80000, 0x0000000100000000)
  eden space 428032K, 0% used [0x00000000d5580000,0x00000000d5580000,0x00000000ef780000)
  from space 112128K, 37% used [0x00000000f7e00000,0x00000000fa73e448,0x00000000feb80000)
  to   space 124928K, 0% used [0x00000000ef780000,0x00000000ef780000,0x00000000f7180000)
 ParOldGen       total 493568K, used 215192K [0x0000000080000000, 0x000000009e200000, 0x00000000d5580000)
  object space 493568K, 43% used [0x0000000080000000,0x000000008d226368,0x000000009e200000)
 Metaspace       used 92948K, capacity 97624K, committed 98560K, reserved 1134592K
  class space    used 12155K, capacity 13169K, committed 13568K, reserved 1048576K
}
Event: 455.042 GC heap before
{Heap before GC invocations=23 (full 4):
 PSYoungGen      total 540160K, used 470265K [0x00000000d5580000, 0x00000000feb80000, 0x0000000100000000)
  eden space 428032K, 100% used [0x00000000d5580000,0x00000000ef780000,0x00000000ef780000)
  from space 112128K, 37% used [0x00000000f7e00000,0x00000000fa73e448,0x00000000feb80000)
  to   space 124928K, 0% used [0x00000000ef780000,0x00000000ef780000,0x00000000f7180000)
 ParOldGen       total 493568K, used 215192K [0x0000000080000000, 0x000000009e200000, 0x00000000d5580000)
  object space 493568K, 43% used [0x0000000080000000,0x000000008d226368,0x000000009e200000)
 Metaspace       used 92960K, capacity 97628K, committed 98560K, reserved 1134592K
  class space    used 12156K, capacity 13169K, committed 13568K, reserved 1048576K
Event: 455.080 GC heap after
Heap after GC invocations=23 (full 4):
 PSYoungGen      total 552960K, used 43346K [0x00000000d5580000, 0x0000000100000000, 0x0000000100000000)
  eden space 428032K, 0% used [0x00000000d5580000,0x00000000d5580000,0x00000000ef780000)
  from space 124928K, 34% used [0x00000000ef780000,0x00000000f21d4bc0,0x00000000f7180000)
  to   space 118784K, 0% used [0x00000000f8c00000,0x00000000f8c00000,0x0000000100000000)
 ParOldGen       total 493568K, used 215200K [0x0000000080000000, 0x000000009e200000, 0x00000000d5580000)
  object space 493568K, 43% used [0x0000000080000000,0x000000008d228368,0x000000009e200000)
 Metaspace       used 92960K, capacity 97628K, committed 98560K, reserved 1134592K
  class space    used 12156K, capacity 13169K, committed 13568K, reserved 1048576K
}

