# JRE version: OpenJDK Runtime Environment (8.0_242-b01) (build 1.8.0_242-release-1644-b01)
# Java VM: OpenJDK 64-Bit Server VM (25.242-b01 mixed mode windows-amd64 compressed oops)
Heap:
 PSYoungGen      total 178688K, used 117008K [0x00000000e0000000, 0x00000000ed600000, 0x0000000100000000)
  eden space 165888K, 70% used [0x00000000e0000000,0x00000000e72440c8,0x00000000ea200000)
  from space 12800K, 0% used [0x00000000ebd00000,0x00000000ebd00000,0x00000000ec980000)
  to   space 10240K, 0% used [0x00000000ecc00000,0x00000000ecc00000,0x00000000ed600000)
 ParOldGen       total 123392K, used 19087K [0x00000000a0000000, 0x00000000a7880000, 0x00000000e0000000)
  object space 123392K, 15% used [0x00000000a0000000,0x00000000a12a3e30,0x00000000a7880000)
 Metaspace       used 44145K, capacity 45566K, committed 45864K, reserved 1089536K
  class space    used 5988K, capacity 6350K, committed 6440K, reserved 1048576K
GC Heap History (10 events):
Event: 3.367 GC heap before
{Heap before GC invocations=5 (full 0):
 PSYoungGen      total 105984K, used 11817K [0x00000000e0000000, 0x00000000e6f00000, 0x0000000100000000)
  eden space 98304K, 4% used [0x00000000e0000000,0x00000000e040f838,0x00000000e6000000)
  from space 7680K, 99% used [0x00000000e6780000,0x00000000e6efaf00,0x00000000e6f00000)
  to   space 7680K, 0% used [0x00000000e6000000,0x00000000e6000000,0x00000000e6780000)
 ParOldGen       total 130048K, used 5253K [0x00000000a0000000, 0x00000000a7f00000, 0x00000000e0000000)
  object space 130048K, 4% used [0x00000000a0000000,0x00000000a0521788,0x00000000a7f00000)
 Metaspace       used 20722K, capacity 21200K, committed 21296K, reserved 1067008K
  class space    used 3008K, capacity 3173K, committed 3200K, reserved 1048576K
Event: 3.374 GC heap after
Heap after GC invocations=5 (full 0):
 PSYoungGen      total 105984K, used 7668K [0x00000000e0000000, 0x00000000ed800000, 0x0000000100000000)
  eden space 98304K, 0% used [0x00000000e0000000,0x00000000e0000000,0x00000000e6000000)
  from space 7680K, 99% used [0x00000000e6000000,0x00000000e677d060,0x00000000e6780000)
  to   space 12288K, 0% used [0x00000000ecc00000,0x00000000ecc00000,0x00000000ed800000)
 ParOldGen       total 130048K, used 5813K [0x00000000a0000000, 0x00000000a7f00000, 0x00000000e0000000)
  object space 130048K, 4% used [0x00000000a0000000,0x00000000a05ad718,0x00000000a7f00000)
 Metaspace       used 20722K, capacity 21200K, committed 21296K, reserved 1067008K
  class space    used 3008K, capacity 3173K, committed 3200K, reserved 1048576K
}
Event: 3.374 GC heap before
{Heap before GC invocations=6 (full 1):
 PSYoungGen      total 105984K, used 7668K [0x00000000e0000000, 0x00000000ed800000, 0x0000000100000000)
  eden space 98304K, 0% used [0x00000000e0000000,0x00000000e0000000,0x00000000e6000000)
  from space 7680K, 99% used [0x00000000e6000000,0x00000000e677d060,0x00000000e6780000)
  to   space 12288K, 0% used [0x00000000ecc00000,0x00000000ecc00000,0x00000000ed800000)
 ParOldGen       total 130048K, used 5813K [0x00000000a0000000, 0x00000000a7f00000, 0x00000000e0000000)
  object space 130048K, 4% used [0x00000000a0000000,0x00000000a05ad718,0x00000000a7f00000)
 Metaspace       used 20722K, capacity 21200K, committed 21296K, reserved 1067008K
  class space    used 3008K, capacity 3173K, committed 3200K, reserved 1048576K
Event: 3.414 GC heap after
Heap after GC invocations=6 (full 1):
 PSYoungGen      total 105984K, used 0K [0x00000000e0000000, 0x00000000ed800000, 0x0000000100000000)
  eden space 98304K, 0% used [0x00000000e0000000,0x00000000e0000000,0x00000000e6000000)
  from space 7680K, 0% used [0x00000000e6000000,0x00000000e6000000,0x00000000e6780000)
  to   space 12288K, 0% used [0x00000000ecc00000,0x00000000ecc00000,0x00000000ed800000)
 ParOldGen       total 75264K, used 8098K [0x00000000a0000000, 0x00000000a4980000, 0x00000000e0000000)
  object space 75264K, 10% used [0x00000000a0000000,0x00000000a07e89a8,0x00000000a4980000)
 Metaspace       used 20722K, capacity 21200K, committed 21296K, reserved 1067008K
  class space    used 3008K, capacity 3173K, committed 3200K, reserved 1048576K
}
Event: 4.421 GC heap before
{Heap before GC invocations=7 (full 1):
 PSYoungGen      total 105984K, used 98304K [0x00000000e0000000, 0x00000000ed800000, 0x0000000100000000)
  eden space 98304K, 100% used [0x00000000e0000000,0x00000000e6000000,0x00000000e6000000)
  from space 7680K, 0% used [0x00000000e6000000,0x00000000e6000000,0x00000000e6780000)
  to   space 12288K, 0% used [0x00000000ecc00000,0x00000000ecc00000,0x00000000ed800000)
 ParOldGen       total 75264K, used 8098K [0x00000000a0000000, 0x00000000a4980000, 0x00000000e0000000)
  object space 75264K, 10% used [0x00000000a0000000,0x00000000a07e89a8,0x00000000a4980000)
 Metaspace       used 30097K, capacity 30668K, committed 30848K, reserved 1075200K
  class space    used 4162K, capacity 4359K, committed 4480K, reserved 1048576K
Event: 4.435 GC heap after
Heap after GC invocations=7 (full 1):
 PSYoungGen      total 176128K, used 9819K [0x00000000e0000000, 0x00000000ed600000, 0x0000000100000000)
  eden space 165888K, 0% used [0x00000000e0000000,0x00000000e0000000,0x00000000ea200000)
  from space 10240K, 95% used [0x00000000ecc00000,0x00000000ed596c90,0x00000000ed600000)
  to   space 12800K, 0% used [0x00000000ebd00000,0x00000000ebd00000,0x00000000ec980000)
 ParOldGen       total 75264K, used 8106K [0x00000000a0000000, 0x00000000a4980000, 0x00000000e0000000)
  object space 75264K, 10% used [0x00000000a0000000,0x00000000a07ea9a8,0x00000000a4980000)
 Metaspace       used 30097K, capacity 30668K, committed 30848K, reserved 1075200K
  class space    used 4162K, capacity 4359K, committed 4480K, reserved 1048576K
}
Event: 5.551 GC heap before
{Heap before GC invocations=8 (full 1):
 PSYoungGen      total 176128K, used 100970K [0x00000000e0000000, 0x00000000ed600000, 0x0000000100000000)
  eden space 165888K, 54% used [0x00000000e0000000,0x00000000e5903b88,0x00000000ea200000)
  from space 10240K, 95% used [0x00000000ecc00000,0x00000000ed596c90,0x00000000ed600000)
  to   space 12800K, 0% used [0x00000000ebd00000,0x00000000ebd00000,0x00000000ec980000)
 ParOldGen       total 75264K, used 8106K [0x00000000a0000000, 0x00000000a4980000, 0x00000000e0000000)
  object space 75264K, 10% used [0x00000000a0000000,0x00000000a07ea9a8,0x00000000a4980000)
 Metaspace       used 34462K, capacity 35412K, committed 35496K, reserved 1079296K
  class space    used 4762K, capacity 5031K, committed 5032K, reserved 1048576K
Event: 5.566 GC heap after
Heap after GC invocations=8 (full 1):
 PSYoungGen      total 178688K, used 11995K [0x00000000e0000000, 0x00000000ed600000, 0x0000000100000000)
  eden space 165888K, 0% used [0x00000000e0000000,0x00000000e0000000,0x00000000ea200000)
  from space 12800K, 93% used [0x00000000ebd00000,0x00000000ec8b6cb0,0x00000000ec980000)
  to   space 10240K, 0% used [0x00000000ecc00000,0x00000000ecc00000,0x00000000ed600000)
 ParOldGen       total 75264K, used 8114K [0x00000000a0000000, 0x00000000a4980000, 0x00000000e0000000)
  object space 75264K, 10% used [0x00000000a0000000,0x00000000a07ec9a8,0x00000000a4980000)
 Metaspace       used 34462K, capacity 35412K, committed 35496K, reserved 1079296K
  class space    used 4762K, capacity 5031K, committed 5032K, reserved 1048576K
}
Event: 5.566 GC heap before
{Heap before GC invocations=9 (full 2):
 PSYoungGen      total 178688K, used 11995K [0x00000000e0000000, 0x00000000ed600000, 0x0000000100000000)
  eden space 165888K, 0% used [0x00000000e0000000,0x00000000e0000000,0x00000000ea200000)
  from space 12800K, 93% used [0x00000000ebd00000,0x00000000ec8b6cb0,0x00000000ec980000)
  to   space 10240K, 0% used [0x00000000ecc00000,0x00000000ecc00000,0x00000000ed600000)
 ParOldGen       total 75264K, used 8114K [0x00000000a0000000, 0x00000000a4980000, 0x00000000e0000000)
  object space 75264K, 10% used [0x00000000a0000000,0x00000000a07ec9a8,0x00000000a4980000)
 Metaspace       used 34462K, capacity 35412K, committed 35496K, reserved 1079296K
  class space    used 4762K, capacity 5031K, committed 5032K, reserved 1048576K
Event: 5.679 GC heap after
Heap after GC invocations=9 (full 2):
 PSYoungGen      total 178688K, used 0K [0x00000000e0000000, 0x00000000ed600000, 0x0000000100000000)
  eden space 165888K, 0% used [0x00000000e0000000,0x00000000e0000000,0x00000000ea200000)
  from space 12800K, 0% used [0x00000000ebd00000,0x00000000ebd00000,0x00000000ec980000)
  to   space 10240K, 0% used [0x00000000ecc00000,0x00000000ecc00000,0x00000000ed600000)
 ParOldGen       total 123392K, used 19087K [0x00000000a0000000, 0x00000000a7880000, 0x00000000e0000000)
  object space 123392K, 15% used [0x00000000a0000000,0x00000000a12a3e30,0x00000000a7880000)
 Metaspace       used 34462K, capacity 35412K, committed 35496K, reserved 1079296K
  class space    used 4762K, capacity 5031K, committed 5032K, reserved 1048576K
}

